<?xml version="1.0" encoding="UTF-8"?>
<testsuite name="CalculatorTest" tests="1" skipped="0" failures="0" errors="0" timestamp="2020-02-24T09:03:44" hostname="admin1-ThinkCentre-M72e" time="8.223">
  <properties/>
  <testcase name="TestAddition" classname="CalculatorTest" time="8.223"/>
  <system-out><![CDATA[]]></system-out>
  <system-err><![CDATA[]]></system-err>
</testsuite>
